<?xml version="1.0" encoding="UTF-8"?>
<!-- Generated by org.testng.reporters.JUnitXMLReporter -->
<testsuite hostname="PPRIKQ-PC" ignored="0" name="Default test" tests="3" failures="0" timestamp="2020-03-31T12:40:56 CEST" time="20.418" errors="0">
  <testcase name="isItemsAddedToCart" time="11.564" classname="test.TestCartPage"/>
  <testcase name="isCartSumValid" time="0.485" classname="test.TestCartPage"/>
  <testcase name="isCookiesWorks" time="0.438" classname="test.TestCartPage"/>
</testsuite> <!-- Default test -->
