<?xml version="1.0" encoding="UTF-8"?>
<testng-results skipped="0" failed="0" ignored="0" total="1" passed="1">
  <reporter-output>
  </reporter-output>
  <suite name="Default suite" duration-ms="15753" started-at="2020-03-26T00:42:21 CET" finished-at="2020-03-26T00:42:37 CET">
    <groups>
    </groups>
    <test name="Default test" duration-ms="15753" started-at="2020-03-26T00:42:21 CET" finished-at="2020-03-26T00:42:37 CET">
      <class name="test.TestHomePage">
        <test-method status="PASS" signature="setup()[pri:0, instance:test.TestHomePage@3701eaf6]" name="setup" is-config="true" duration-ms="13707" started-at="2020-03-26T00:42:21 CET" finished-at="2020-03-26T00:42:35 CET">
          <reporter-output>
          </reporter-output>
        </test-method> <!-- setup -->
        <test-method status="PASS" signature="enterTheStore()[pri:0, instance:test.TestHomePage@3701eaf6]" name="enterTheStore" duration-ms="1685" started-at="2020-03-26T00:42:35 CET" finished-at="2020-03-26T00:42:36 CET">
          <reporter-output>
          </reporter-output>
        </test-method> <!-- enterTheStore -->
        <test-method status="PASS" signature="afterClass()[pri:0, instance:test.TestHomePage@3701eaf6]" name="afterClass" is-config="true" duration-ms="268" started-at="2020-03-26T00:42:36 CET" finished-at="2020-03-26T00:42:37 CET">
          <reporter-output>
          </reporter-output>
        </test-method> <!-- afterClass -->
      </class> <!-- test.TestHomePage -->
    </test> <!-- Default test -->
  </suite> <!-- Default suite -->
</testng-results>
