<?xml version="1.0" encoding="UTF-8"?>
<testng-results skipped="0" failed="0" ignored="0" total="1" passed="1">
  <reporter-output>
  </reporter-output>
  <suite name="Default suite" duration-ms="107923" started-at="2020-03-28T03:38:45 CET" finished-at="2020-03-28T03:40:32 CET">
    <groups>
    </groups>
    <test name="Default test" duration-ms="107923" started-at="2020-03-28T03:38:45 CET" finished-at="2020-03-28T03:40:32 CET">
      <class name="test.TestSignInPage">
        <test-method status="PASS" signature="setup()[pri:0, instance:test.TestSignInPage@3701eaf6]" name="setup" is-config="true" duration-ms="8502" started-at="2020-03-28T03:38:45 CET" finished-at="2020-03-28T03:38:53 CET">
          <reporter-output>
          </reporter-output>
        </test-method> <!-- setup -->
        <test-method status="PASS" signature="isSignedIn()[pri:0, instance:test.TestSignInPage@3701eaf6]" name="isSignedIn" duration-ms="98999" started-at="2020-03-28T03:38:53 CET" finished-at="2020-03-28T03:40:32 CET">
          <reporter-output>
          </reporter-output>
        </test-method> <!-- isSignedIn -->
        <test-method status="PASS" signature="afterClass()[pri:0, instance:test.TestSignInPage@3701eaf6]" name="afterClass" is-config="true" duration-ms="304" started-at="2020-03-28T03:40:32 CET" finished-at="2020-03-28T03:40:32 CET">
          <reporter-output>
          </reporter-output>
        </test-method> <!-- afterClass -->
      </class> <!-- test.TestSignInPage -->
    </test> <!-- Default test -->
  </suite> <!-- Default suite -->
</testng-results>
